# JRE version: OpenJDK Runtime Environment Temurin-21.0.10+7 (21.0.10+7) (build 21.0.10+7-LTS)
# Java VM: OpenJDK 64-Bit Server VM Temurin-21.0.10+7 (21.0.10+7-LTS, mixed mode, sharing, tiered, compressed oops, compressed class ptrs, parallel gc, windows-amd64)
GC Precious Log:
 CardTable entry size: 512
 CPUs: 12 total, 12 available
 Memory: 16309M
 Large Page Support: Disabled
 NUMA Support: Disabled
 Compressed Oops: Enabled (32-bit)
 Alignments: Space 512K, Generation 512K, Heap 2M
 Heap Min Capacity: 100M
 Heap Initial Capacity: 100M
 Heap Max Capacity: 2G
 Pre-touch: Disabled
 Parallel Workers: 10
Heap:
 PSYoungGen      total 15360K, used 9621K [0x00000000d5580000, 0x00000000d6600000, 0x0000000100000000)
  eden space 14848K, 61% used [0x00000000d5580000,0x00000000d5e697c0,0x00000000d6400000)
  from space 512K, 96% used [0x00000000d6480000,0x00000000d64fc020,0x00000000d6500000)
  to   space 1024K, 0% used [0x00000000d6500000,0x00000000d6500000,0x00000000d6600000)
 ParOldGen       total 68608K, used 58753K [0x0000000080000000, 0x0000000084300000, 0x00000000d5580000)
  object space 68608K, 85% used [0x0000000080000000,0x0000000083960470,0x0000000084300000)
 Metaspace       used 65759K, committed 67328K, reserved 1114112K
  class space    used 7836K, committed 8512K, reserved 1048576K
GC Heap History (20 events):
Event: 46.399 GC heap before
{Heap before GC invocations=39 (full 3):
 PSYoungGen      total 16896K, used 16800K [0x00000000d5580000, 0x00000000d6980000, 0x0000000100000000)
  eden space 15360K, 100% used [0x00000000d5580000,0x00000000d6480000,0x00000000d6480000)
  from space 1536K, 93% used [0x00000000d6580000,0x00000000d66e8010,0x00000000d6700000)
  to   space 2048K, 0% used [0x00000000d6780000,0x00000000d6780000,0x00000000d6980000)
 ParOldGen       total 68608K, used 45433K [0x0000000080000000, 0x0000000084300000, 0x00000000d5580000)
  object space 68608K, 66% used [0x0000000080000000,0x0000000082c5e408,0x0000000084300000)
 Metaspace       used 61758K, committed 63168K, reserved 1114112K
  class space    used 7315K, committed 7872K, reserved 1048576K
}
Event: 46.401 GC heap after
{Heap after GC invocations=39 (full 3):
 PSYoungGen      total 17408K, used 1858K [0x00000000d5580000, 0x00000000d6980000, 0x0000000100000000)
  eden space 15360K, 0% used [0x00000000d5580000,0x00000000d5580000,0x00000000d6480000)
  from space 2048K, 90% used [0x00000000d6780000,0x00000000d6950830,0x00000000d6980000)
  to   space 2048K, 0% used [0x00000000d6580000,0x00000000d6580000,0x00000000d6780000)
 ParOldGen       total 68608K, used 46833K [0x0000000080000000, 0x0000000084300000, 0x00000000d5580000)
  object space 68608K, 68% used [0x0000000080000000,0x0000000082dbc418,0x0000000084300000)
 Metaspace       used 61758K, committed 63168K, reserved 1114112K
  class space    used 7315K, committed 7872K, reserved 1048576K
}
Event: 46.444 GC heap before
{Heap before GC invocations=40 (full 3):
 PSYoungGen      total 17408K, used 17218K [0x00000000d5580000, 0x00000000d6980000, 0x0000000100000000)
  eden space 15360K, 100% used [0x00000000d5580000,0x00000000d6480000,0x00000000d6480000)
  from space 2048K, 90% used [0x00000000d6780000,0x00000000d6950830,0x00000000d6980000)
  to   space 2048K, 0% used [0x00000000d6580000,0x00000000d6580000,0x00000000d6780000)
 ParOldGen       total 68608K, used 46833K [0x0000000080000000, 0x0000000084300000, 0x00000000d5580000)
  object space 68608K, 68% used [0x0000000080000000,0x0000000082dbc418,0x0000000084300000)
 Metaspace       used 61763K, committed 63168K, reserved 1114112K
  class space    used 7315K, committed 7872K, reserved 1048576K
}
Event: 46.446 GC heap after
{Heap after GC invocations=40 (full 3):
 PSYoungGen      total 17408K, used 1600K [0x00000000d5580000, 0x00000000d6880000, 0x0000000100000000)
  eden space 15360K, 0% used [0x00000000d5580000,0x00000000d5580000,0x00000000d6480000)
  from space 2048K, 78% used [0x00000000d6580000,0x00000000d6710010,0x00000000d6780000)
  to   space 1024K, 0% used [0x00000000d6780000,0x00000000d6780000,0x00000000d6880000)
 ParOldGen       total 68608K, used 48595K [0x0000000080000000, 0x0000000084300000, 0x00000000d5580000)
  object space 68608K, 70% used [0x0000000080000000,0x0000000082f74f38,0x0000000084300000)
 Metaspace       used 61763K, committed 63168K, reserved 1114112K
  class space    used 7315K, committed 7872K, reserved 1048576K
}
Event: 46.558 GC heap before
{Heap before GC invocations=41 (full 3):
 PSYoungGen      total 17408K, used 16960K [0x00000000d5580000, 0x00000000d6880000, 0x0000000100000000)
  eden space 15360K, 100% used [0x00000000d5580000,0x00000000d6480000,0x00000000d6480000)
  from space 2048K, 78% used [0x00000000d6580000,0x00000000d6710010,0x00000000d6780000)
  to   space 1024K, 0% used [0x00000000d6780000,0x00000000d6780000,0x00000000d6880000)
 ParOldGen       total 68608K, used 48595K [0x0000000080000000, 0x0000000084300000, 0x00000000d5580000)
  object space 68608K, 70% used [0x0000000080000000,0x0000000082f74f38,0x0000000084300000)
 Metaspace       used 61776K, committed 63232K, reserved 1114112K
  class space    used 7315K, committed 7872K, reserved 1048576K
}
Event: 46.560 GC heap after
{Heap after GC invocations=41 (full 3):
 PSYoungGen      total 15872K, used 1024K [0x00000000d5580000, 0x00000000d6b80000, 0x0000000100000000)
  eden space 14848K, 0% used [0x00000000d5580000,0x00000000d5580000,0x00000000d6400000)
  from space 1024K, 100% used [0x00000000d6780000,0x00000000d6880000,0x00000000d6880000)
  to   space 3584K, 0% used [0x00000000d6400000,0x00000000d6400000,0x00000000d6780000)
 ParOldGen       total 68608K, used 50579K [0x0000000080000000, 0x0000000084300000, 0x00000000d5580000)
  object space 68608K, 73% used [0x0000000080000000,0x0000000083164f48,0x0000000084300000)
 Metaspace       used 61776K, committed 63232K, reserved 1114112K
  class space    used 7315K, committed 7872K, reserved 1048576K
}
Event: 46.593 GC heap before
{Heap before GC invocations=42 (full 3):
 PSYoungGen      total 15872K, used 15872K [0x00000000d5580000, 0x00000000d6b80000, 0x0000000100000000)
  eden space 14848K, 100% used [0x00000000d5580000,0x00000000d6400000,0x00000000d6400000)
  from space 1024K, 100% used [0x00000000d6780000,0x00000000d6880000,0x00000000d6880000)
  to   space 3584K, 0% used [0x00000000d6400000,0x00000000d6400000,0x00000000d6780000)
 ParOldGen       total 68608K, used 50579K [0x0000000080000000, 0x0000000084300000, 0x00000000d5580000)
  object space 68608K, 73% used [0x0000000080000000,0x0000000083164f48,0x0000000084300000)
 Metaspace       used 61777K, committed 63232K, reserved 1114112K
  class space    used 7315K, committed 7872K, reserved 1048576K
}
Event: 46.595 GC heap after
{Heap after GC invocations=42 (full 3):
 PSYoungGen      total 16896K, used 1540K [0x00000000d5580000, 0x00000000d6900000, 0x0000000100000000)
  eden space 14848K, 0% used [0x00000000d5580000,0x00000000d5580000,0x00000000d6400000)
  from space 2048K, 75% used [0x00000000d6400000,0x00000000d6581000,0x00000000d6600000)
  to   space 2560K, 0% used [0x00000000d6680000,0x00000000d6680000,0x00000000d6900000)
 ParOldGen       total 68608K, used 51642K [0x0000000080000000, 0x0000000084300000, 0x00000000d5580000)
  object space 68608K, 75% used [0x0000000080000000,0x000000008326e938,0x0000000084300000)
 Metaspace       used 61777K, committed 63232K, reserved 1114112K
  class space    used 7315K, committed 7872K, reserved 1048576K
}
Event: 46.626 GC heap before
{Heap before GC invocations=43 (full 3):
 PSYoungGen      total 16896K, used 16388K [0x00000000d5580000, 0x00000000d6900000, 0x0000000100000000)
  eden space 14848K, 100% used [0x00000000d5580000,0x00000000d6400000,0x00000000d6400000)
  from space 2048K, 75% used [0x00000000d6400000,0x00000000d6581000,0x00000000d6600000)
  to   space 2560K, 0% used [0x00000000d6680000,0x00000000d6680000,0x00000000d6900000)
 ParOldGen       total 68608K, used 51642K [0x0000000080000000, 0x0000000084300000, 0x00000000d5580000)
  object space 68608K, 75% used [0x0000000080000000,0x000000008326e938,0x0000000084300000)
 Metaspace       used 61789K, committed 63232K, reserved 1114112K
  class space    used 7315K, committed 7872K, reserved 1048576K
}
Event: 46.628 GC heap after
{Heap after GC invocations=43 (full 3):
 PSYoungGen      total 16384K, used 1472K [0x00000000d5580000, 0x00000000d6800000, 0x0000000100000000)
  eden space 14848K, 0% used [0x00000000d5580000,0x00000000d5580000,0x00000000d6400000)
  from space 1536K, 95% used [0x00000000d6680000,0x00000000d67f0000,0x00000000d6800000)
  to   space 2048K, 0% used [0x00000000d6400000,0x00000000d6400000,0x00000000d6600000)
 ParOldGen       total 68608K, used 52997K [0x0000000080000000, 0x0000000084300000, 0x00000000d5580000)
  object space 68608K, 77% used [0x0000000080000000,0x00000000833c1488,0x0000000084300000)
 Metaspace       used 61789K, committed 63232K, reserved 1114112K
  class space    used 7315K, committed 7872K, reserved 1048576K
}
Event: 46.675 GC heap before
{Heap before GC invocations=44 (full 3):
 PSYoungGen      total 16384K, used 16320K [0x00000000d5580000, 0x00000000d6800000, 0x0000000100000000)
  eden space 14848K, 100% used [0x00000000d5580000,0x00000000d6400000,0x00000000d6400000)
  from space 1536K, 95% used [0x00000000d6680000,0x00000000d67f0000,0x00000000d6800000)
  to   space 2048K, 0% used [0x00000000d6400000,0x00000000d6400000,0x00000000d6600000)
 ParOldGen       total 68608K, used 52997K [0x0000000080000000, 0x0000000084300000, 0x00000000d5580000)
  object space 68608K, 77% used [0x0000000080000000,0x00000000833c1488,0x0000000084300000)
 Metaspace       used 61814K, committed 63232K, reserved 1114112K
  class space    used 7316K, committed 7872K, reserved 1048576K
}
Event: 46.678 GC heap after
{Heap after GC invocations=44 (full 3):
 PSYoungGen      total 16896K, used 1696K [0x00000000d5580000, 0x00000000d6800000, 0x0000000100000000)
  eden space 14848K, 0% used [0x00000000d5580000,0x00000000d5580000,0x00000000d6400000)
  from space 2048K, 82% used [0x00000000d6400000,0x00000000d65a8010,0x00000000d6600000)
  to   space 2048K, 0% used [0x00000000d6600000,0x00000000d6600000,0x00000000d6800000)
 ParOldGen       total 68608K, used 54229K [0x0000000080000000, 0x0000000084300000, 0x00000000d5580000)
  object space 68608K, 79% used [0x0000000080000000,0x00000000834f5488,0x0000000084300000)
 Metaspace       used 61814K, committed 63232K, reserved 1114112K
  class space    used 7316K, committed 7872K, reserved 1048576K
}
Event: 46.725 GC heap before
{Heap before GC invocations=45 (full 3):
 PSYoungGen      total 16896K, used 16544K [0x00000000d5580000, 0x00000000d6800000, 0x0000000100000000)
  eden space 14848K, 100% used [0x00000000d5580000,0x00000000d6400000,0x00000000d6400000)
  from space 2048K, 82% used [0x00000000d6400000,0x00000000d65a8010,0x00000000d6600000)
  to   space 2048K, 0% used [0x00000000d6600000,0x00000000d6600000,0x00000000d6800000)
 ParOldGen       total 68608K, used 54229K [0x0000000080000000, 0x0000000084300000, 0x00000000d5580000)
  object space 68608K, 79% used [0x0000000080000000,0x00000000834f5488,0x0000000084300000)
 Metaspace       used 61845K, committed 63232K, reserved 1114112K
  class space    used 7316K, committed 7872K, reserved 1048576K
}
Event: 46.728 GC heap after
{Heap after GC invocations=45 (full 3):
 PSYoungGen      total 16896K, used 1464K [0x00000000d5580000, 0x00000000d6800000, 0x0000000100000000)
  eden space 14848K, 0% used [0x00000000d5580000,0x00000000d5580000,0x00000000d6400000)
  from space 2048K, 71% used [0x00000000d6600000,0x00000000d676e200,0x00000000d6800000)
  to   space 2048K, 0% used [0x00000000d6400000,0x00000000d6400000,0x00000000d6600000)
 ParOldGen       total 68608K, used 55789K [0x0000000080000000, 0x0000000084300000, 0x00000000d5580000)
  object space 68608K, 81% used [0x0000000080000000,0x000000008367b498,0x0000000084300000)
 Metaspace       used 61845K, committed 63232K, reserved 1114112K
  class space    used 7316K, committed 7872K, reserved 1048576K
}
Event: 46.816 GC heap before
{Heap before GC invocations=46 (full 3):
 PSYoungGen      total 16896K, used 16312K [0x00000000d5580000, 0x00000000d6800000, 0x0000000100000000)
  eden space 14848K, 100% used [0x00000000d5580000,0x00000000d6400000,0x00000000d6400000)
  from space 2048K, 71% used [0x00000000d6600000,0x00000000d676e200,0x00000000d6800000)
  to   space 2048K, 0% used [0x00000000d6400000,0x00000000d6400000,0x00000000d6600000)
 ParOldGen       total 68608K, used 55789K [0x0000000080000000, 0x0000000084300000, 0x00000000d5580000)
  object space 68608K, 81% used [0x0000000080000000,0x000000008367b498,0x0000000084300000)
 Metaspace       used 62161K, committed 63616K, reserved 1114112K
  class space    used 7347K, committed 8000K, reserved 1048576K
}
Event: 46.818 GC heap after
{Heap after GC invocations=46 (full 3):
 PSYoungGen      total 16384K, used 1347K [0x00000000d5580000, 0x00000000d6700000, 0x0000000100000000)
  eden space 14848K, 0% used [0x00000000d5580000,0x00000000d5580000,0x00000000d6400000)
  from space 1536K, 87% used [0x00000000d6400000,0x00000000d6550ef0,0x00000000d6580000)
  to   space 1536K, 0% used [0x00000000d6580000,0x00000000d6580000,0x00000000d6700000)
 ParOldGen       total 68608K, used 57077K [0x0000000080000000, 0x0000000084300000, 0x00000000d5580000)
  object space 68608K, 83% used [0x0000000080000000,0x00000000837bd698,0x0000000084300000)
 Metaspace       used 62161K, committed 63616K, reserved 1114112K
  class space    used 7347K, committed 8000K, reserved 1048576K
}
Event: 47.063 GC heap before
{Heap before GC invocations=47 (full 3):
 PSYoungGen      total 16384K, used 16195K [0x00000000d5580000, 0x00000000d6700000, 0x0000000100000000)
  eden space 14848K, 100% used [0x00000000d5580000,0x00000000d6400000,0x00000000d6400000)
  from space 1536K, 87% used [0x00000000d6400000,0x00000000d6550ef0,0x00000000d6580000)
  to   space 1536K, 0% used [0x00000000d6580000,0x00000000d6580000,0x00000000d6700000)
 ParOldGen       total 68608K, used 57077K [0x0000000080000000, 0x0000000084300000, 0x00000000d5580000)
  object space 68608K, 83% used [0x0000000080000000,0x00000000837bd698,0x0000000084300000)
 Metaspace       used 63709K, committed 65152K, reserved 1114112K
  class space    used 7585K, committed 8192K, reserved 1048576K
}
Event: 47.065 GC heap after
{Heap after GC invocations=47 (full 3):
 PSYoungGen      total 15872K, used 640K [0x00000000d5580000, 0x00000000d6680000, 0x0000000100000000)
  eden space 14848K, 0% used [0x00000000d5580000,0x00000000d5580000,0x00000000d6400000)
  from space 1024K, 62% used [0x00000000d6580000,0x00000000d6620000,0x00000000d6680000)
  to   space 1024K, 0% used [0x00000000d6480000,0x00000000d6480000,0x00000000d6580000)
 ParOldGen       total 68608K, used 58249K [0x0000000080000000, 0x0000000084300000, 0x00000000d5580000)
  object space 68608K, 84% used [0x0000000080000000,0x00000000838e2470,0x0000000084300000)
 Metaspace       used 63709K, committed 65152K, reserved 1114112K
  class space    used 7585K, committed 8192K, reserved 1048576K
}
Event: 135.200 GC heap before
{Heap before GC invocations=48 (full 3):
 PSYoungGen      total 15872K, used 15488K [0x00000000d5580000, 0x00000000d6680000, 0x0000000100000000)
  eden space 14848K, 100% used [0x00000000d5580000,0x00000000d6400000,0x00000000d6400000)
  from space 1024K, 62% used [0x00000000d6580000,0x00000000d6620000,0x00000000d6680000)
  to   space 1024K, 0% used [0x00000000d6480000,0x00000000d6480000,0x00000000d6580000)
 ParOldGen       total 68608K, used 58249K [0x0000000080000000, 0x0000000084300000, 0x00000000d5580000)
  object space 68608K, 84% used [0x0000000080000000,0x00000000838e2470,0x0000000084300000)
 Metaspace       used 65192K, committed 66688K, reserved 1114112K
  class space    used 7777K, committed 8384K, reserved 1048576K
}
Event: 135.416 GC heap after
{Heap after GC invocations=48 (full 3):
 PSYoungGen      total 15360K, used 496K [0x00000000d5580000, 0x00000000d6600000, 0x0000000100000000)
  eden space 14848K, 0% used [0x00000000d5580000,0x00000000d5580000,0x00000000d6400000)
  from space 512K, 96% used [0x00000000d6480000,0x00000000d64fc020,0x00000000d6500000)
  to   space 1024K, 0% used [0x00000000d6500000,0x00000000d6500000,0x00000000d6600000)
 ParOldGen       total 68608K, used 58753K [0x0000000080000000, 0x0000000084300000, 0x00000000d5580000)
  object space 68608K, 85% used [0x0000000080000000,0x0000000083960470,0x0000000084300000)
 Metaspace       used 65192K, committed 66688K, reserved 1114112K
  class space    used 7777K, committed 8384K, reserved 1048576K
}

